surrogate training labels: 68
surrogate (scaffold split): {'r2_scaffold': -0.11903446733835943, 'mae_scaffold': 0.006414673239753836, 'n_train': 54, 'n_test': 14, 'y_std': 0.008321806506027181}

=== GB-GA: extractant objective ===
  gen  0  best=3.852  mean=3.150  CCCCOP(=O)(OCCCC)OCCCC(C)F
  gen  1  best=3.936  mean=3.289  CCCCCOP(=O)(OCCCC)OCCCN
  gen  2  best=3.936  mean=3.343  CCCCCOP(=O)(OCCCC)OCCCN
  gen  3  best=3.936  mean=3.181  CCCCCOP(=O)(OCCCC)OCCCN
  gen  4  best=3.936  mean=3.321  CCCCCOP(=O)(OCCCC)OCCCN
  gen  5  best=3.936  mean=3.241  CCCCCOP(=O)(OCCCC)OCCCN
  gen  6  best=3.936  mean=3.312  CCCCCOP(=O)(OCCCC)OCCCN
  gen  7  best=3.936  mean=3.432  CCCCCOP(=O)(OCCCC)OCCCN
  gen  8  best=3.936  mean=3.260  CCCCCOP(=O)(OCCCC)OCCCN
  gen  9  best=3.936  mean=3.315  CCCCCOP(=O)(OCCCC)OCCCN
  gen 10  best=3.936  mean=3.284  CCCCCOP(=O)(OCCCC)OCCCN
  gen 11  best=3.988  mean=3.465  CCCCOP(=O)(CC(C)F)OCCCCF
  gen 12  best=3.988  mean=3.312  CCCCOP(=O)(CC(C)F)OCCCCF
  gen 13  best=3.988  mean=3.342  CCCCOP(=O)(CC(C)F)OCCCCF
  gen 14  best=3.988  mean=3.445  CCCCOP(=O)(CC(C)F)OCCCCF
  gen 15  best=3.988  mean=3.335  CCCCOP(=O)(CC(C)F)OCCCCF
  gen 16  best=3.988  mean=3.463  CCCCOP(=O)(CC(C)F)OCCCCF
  gen 17  best=3.988  mean=3.398  CCCCOP(=O)(CC(C)F)OCCCCF
  gen 18  best=3.988  mean=3.434  CCCCOP(=O)(CC(C)F)OCCCCF
  gen 19  best=3.988  mean=3.396  CCCCOP(=O)(CC(C)F)OCCCCF
  gen 20  best=3.994  mean=3.305  CCCCCOCP(=O)(OCCCN)OCCCCC
  gen 21  best=3.994  mean=3.341  CCCCCOCP(=O)(OCCCN)OCCCCC
  gen 22  best=3.994  mean=3.476  CCCCCOCP(=O)(OCCCN)OCCCCC
  gen 23  best=3.994  mean=3.377  CCCCCOCP(=O)(OCCCN)OCCCCC
  gen 24  best=3.994  mean=3.414  CCCCCOCP(=O)(OCCCN)OCCCCC

=== GB-GA: control objective (logP only) ===
  gen  0  best=13.020  mean=6.629  C=CCCCC(CC)CN(CC(CC)CCCC)C(=O)COCC(O)N(CCP(=O)(CCCCCCCC)CCCCCCCC)CC(CC)CCC(=C)C
  gen  1  best=14.572  mean=8.179  CCCCCCCCP(=O)(CCCCCCCC)CCC(C)CP(C)(=O)CC(C)C1(C)CCC(C)(C)c2nnc(-c3ccc(-c4ccc(-c5nnc6c(n5)C(C)(C)CCC(C)(C)O6)cn4)cn3)nc21
  gen  2  best=15.296  mean=9.260  C=C(COCC(=O)CN(CCCCCCCC)CCCCCCCC)N(CCCCCCP(=O)(CCCCCCCC)CCCCCCCC)CCCCOCCCC
  gen  3  best=17.147  mean=10.153  C=C(C)CCC(CC)CN(CC(CC)CCOCC(=C)N(CCCCCCCC)CCCCCCCC)C(O)COCC(=C)N(CC(CC)CCCC)NCC(CCCC)CCCCCCCC(C)C
  gen  4  best=17.147  mean=10.520  C=C(C)CCC(CC)CN(CC(CC)CCOCC(=C)N(CCCCCCCC)CCCCCCCC)C(O)COCC(=C)N(CC(CC)CCCC)NCC(CCCC)CCCCCCCC(C)C
  gen  5  best=17.147  mean=12.201  C=C(C)CCC(CC)CN(CC(CC)CCOCC(=C)N(CCCCCCCC)CCCCCCCC)C(O)COCC(=C)N(CC(CC)CCCC)NCC(CCCC)CCCCCCCC(C)C
  gen  6  best=17.842  mean=12.766  C=C(CCCCCN(CCCCCCCC)C(=O)COCC(=C)N(CCCCCCCC)CCCCCCCC)C(C)C(CCCCCCCCCCC(C)C)C(=C)N(C)CCCCC
  gen  7  best=19.679  mean=13.933  C=C(C)CCC(CCC)CN(CC(CC)CCCCCCCCCCCC(C)C)C(=O)CCCC(O)N(CC(CC)CCC)CC(CCCCC)P(=O)(CCCCCCCC)CCCCCCCC
  gen  8  best=19.679  mean=15.142  C=C(C)CCC(CCC)CN(CC(CC)CCCCCCCCCCCC(C)C)C(=O)CCCC(O)N(CC(CC)CCC)CC(CCCCC)P(=O)(CCCCCCCC)CCCCCCCC
  gen  9  best=20.549  mean=14.512  C=C(C)CCC(CCC)CN(CC(CC)CCCC)C(=C)CCCC(O)C(CC(CN)CCCC)CC(CCCCCCC)P(=C)(CCCCCCCC)CCCCCCCCCCCCCCC
  gen 10  best=21.618  mean=15.761  C=C(C)CCC(CCC)CN(CC(CC)CCCC)C(=C)CCCC(O)C(CC(C)CCCC)CC(CCCCCCC)P(=C)(CCCCCCCC)CCCCCCCCCCCCCCC
  gen 11  best=21.618  mean=16.023  C=C(C)CCC(CCC)CN(CC(CC)CCCC)C(=C)CCCC(O)C(CC(C)CCCC)CC(CCCCCCC)P(=C)(CCCCCCCC)CCCCCCCCCCCCCCC
  gen 12  best=22.073  mean=15.511  C=C(C)CCC(CCC)CC(CC(CC)CCCC)C(=C)CCCC(O)C(CC(CN)CCCC)CC(CCCCCCC)P(=C)(CCCCCCCC)CCCCCCCCCCCCCCCC
  gen 13  best=23.350  mean=17.134  C=C(C)CCC(CCC)CC(CC(CC)CCCC)C(=C)CCCC(C)C(CC(CN)CCCC)CC(CCCCCCC)P(=C)(CCCCCCCC)CCCCCCCCCCCCCCCC
  gen 14  best=24.810  mean=17.766  C=C(C)CCC(CCC)CC(CC(CC)CCCC)C(=C)CCCC(C)C(CC(CC)CCCC)CC(CCCCCCC)P(=C)(CCCCCCCC)CCCCCCCCCCCCCCCC
  gen 15  best=24.810  mean=19.545  C=C(C)CCC(CCC)CC(CC(CC)CCCC)C(=C)CCCC(C)C(CC(CC)CCCC)CC(CCCCCCC)P(=C)(CCCCCCCC)CCCCCCCCCCCCCCCC
  gen 16  best=24.810  mean=18.555  C=C(C)CCC(CCC)CC(CC(CC)CCCC)C(=C)CCCC(C)C(CC(CC)CCCC)CC(CCCCCCC)P(=C)(CCCCCCCC)CCCCCCCCCCCCCCCC
  gen 17  best=24.810  mean=18.881  C=C(C)CCC(CCC)CC(CC(CC)CCCC)C(=C)CCCC(C)C(CC(CC)CCCC)CC(CCCCCCC)P(=C)(CCCCCCCC)CCCCCCCCCCCCCCCC
  gen 18  best=24.810  mean=20.309  C=C(C)CCC(CCC)CC(CC(CC)CCCC)C(=C)CCCC(C)C(CC(CC)CCCC)CC(CCCCCCC)P(=C)(CCCCCCCC)CCCCCCCCCCCCCCCC
  gen 19  best=25.005  mean=20.824  C=C(CCCC(C)C(CC(CC)CCCC)CC(CCCCCCC)P(=C)(C=CCCCCCC)CCCCCCCCCCCCCCCC)C(CC(CC)CCCC)CC(CCC)CCC(C)C
  gen 20  best=25.005  mean=21.633  C=C(CCCC(C)C(CC(CC)CCCC)CC(CCCCCCC)P(=C)(C=CCCCCCC)CCCCCCCCCCCCCCCC)C(CC(CC)CCCC)CC(CCC)CCC(C)C
  gen 21  best=25.218  mean=19.931  C=P(CCCCCCCC)(CCCCCCCC=CCCCCCC)C(CCCCCCC)CC(CC(C)(CC)CCCC)C(C)CCCCCC(C)C(CCCCCCCC)CCCCCCCC
  gen 22  best=25.218  mean=21.625  C=P(CCCCCCCC)(CCCCCCCC=CCCCCCC)C(CCCCCCC)CC(CC(C)(CC)CCCC)C(C)CCCCCC(C)C(CCCCCCCC)CCCCCCCC
  gen 23  best=25.460  mean=21.567  C=C(CCCC(C)C(CC(CC)CCCC)CC(CCCCCCC)P(CCCCCCCC)CCCCCCCCCCCCCCCC)C(CCC(C)(CC)CCCCC)CC(CC)CCCC
  gen 24  best=25.460  mean=21.731  C=C(CCCC(C)C(CC(CC)CCCC)CC(CCCCCCC)P(CCCCCCCC)CCCCCCCCCCCCCCCC)C(CCC(C)(CC)CCCCC)CC(CC)CCCC

=== top extractant candidates ===
  score=3.99 vmin_pred=-0.090 donors=6 logP=3.92 F=0 SA=3.06 novel=True  CCCCCOCP(=O)(OCCCN)OCCCCC
  score=3.99 vmin_pred=-0.081 donors=6 logP=4.12 F=2 SA=3.78 novel=True  CCCCOP(=O)(CC(C)F)OCCCCF
  score=3.98 vmin_pred=-0.078 donors=6 logP=3.73 F=2 SA=3.55 novel=True  CCCCOP(=O)(CCF)OCCCCF
  score=3.98 vmin_pred=-0.081 donors=6 logP=4.12 F=2 SA=3.82 novel=True  CCCOP(=O)(CCC(C)F)OCCCCF
  score=3.98 vmin_pred=-0.089 donors=6 logP=4.31 F=0 SA=3.02 novel=True  CCCCCOCP(=O)(OCCCCC)OCCCCN
  score=3.97 vmin_pred=-0.088 donors=6 logP=3.87 F=0 SA=2.51 novel=True  CCCCCOP(=O)(OCCCN)OCCCCC
  score=3.97 vmin_pred=-0.088 donors=6 logP=3.87 F=0 SA=2.91 novel=True  CCCCCOP(=O)(OCCCC)OCCCCN
  score=3.97 vmin_pred=-0.088 donors=6 logP=3.87 F=0 SA=2.93 novel=True  CCCCCCOP(=O)(OCCCC)OCCCN
  score=3.97 vmin_pred=-0.086 donors=6 logP=4.37 F=2 SA=4.12 novel=True  C=CC(F)=CP(=O)(OCCC)OCCCCF
  score=3.97 vmin_pred=-0.081 donors=6 logP=4.12 F=2 SA=3.91 novel=True  CCCOP(=O)(CC(F)CC)OCCCCF
GENERATIVE_DONE
